<?xml version="1.0" encoding="UTF-8"?>
<!-- Generated by org.testng.reporters.JUnitReportReporter -->
<testsuite hostname="DESKTOP-SGREK3T" failures="0" tests="1" name="Test01_GET" time="4.368" errors="0" timestamp="2021-12-06T15:46:20 IST" skipped="0">
  <testcase classname="Test01_GET" name="test01" time="4.368"/>
  <system-out/>
</testsuite> <!-- Test01_GET -->
