<?xml version="1.0" encoding="UTF-8"?>
<!-- Generated by org.testng.reporters.JUnitReportReporter -->
<testsuite hostname="DESKTOP-SGREK3T" failures="0" tests="2" name="RestStaticExample" time="2.550" errors="0" timestamp="2021-11-04T13:05:51 IST" skipped="0">
  <testcase classname="RestStaticExample" name="test02" time="0.168"/>
  <system-out/>
  <testcase classname="RestStaticExample" name="test01" time="2.382"/>
  <system-out/>
</testsuite> <!-- RestStaticExample -->
