<?xml version="1.0" encoding="UTF-8"?>
<!-- Generated by org.testng.reporters.JUnitReportReporter -->
<testsuite hostname="DESKTOP-SGREK3T" failures="0" tests="2" name="RestStaticExample" time="2.996" errors="0" timestamp="2021-12-08T14:12:49 IST" skipped="0">
  <testcase classname="RestStaticExample" name="test01" time="2.709"/>
  <system-out/>
  <testcase classname="RestStaticExample" name="test02" time="0.287"/>
  <system-out/>
</testsuite> <!-- RestStaticExample -->
